Using pre-set license
Built from '2020.3/staging' branch; Version is '2020.3.10f1 (297d780c91bc) revision 2719096'; Using compiler version '192528614'; Build Type 'Release'
OS: 'Windows 10 Pro; OS build 19043.1165; Version 2009; 64bit' Language: 'en' Physical Memory: 65165 MB
BatchMode: 1, IsHumanControllingUs: 0, StartBugReporterOnCrash: 0, Is64bit: 1, IsPro: 0

 COMMAND LINE ARGUMENTS:
C:\Program Files\Unity\Hub\Editor\2020.3.10f1\Editor\Unity.exe
-adb2
-batchMode
-noUpm
-name
AssetImportWorker0
-projectPath
C:/Users/mhouston/Documents/VR Demo
-logFile
Logs/AssetImportWorker0.log
-srvPort
52269
Successfully changed project path to: C:/Users/mhouston/Documents/VR Demo
C:/Users/mhouston/Documents/VR Demo
Using Asset Import Pipeline V2.
Refreshing native plugins compatible for Editor in 77.54 ms, found 6 plugins.
Preloading 1 native plugins for Editor in 0.87 ms.
Initialize engine version: 2020.3.10f1 (297d780c91bc)
[Subsystems] Discovering subsystems at path C:/Program Files/Unity/Hub/Editor/2020.3.10f1/Editor/Data/Resources/UnitySubsystems
[Subsystems] Discovering subsystems at path C:/Users/mhouston/Documents/VR Demo/Assets
GfxDevice: creating device client; threaded=0
Direct3D:
    Version:  Direct3D 11.0 [level 11.1]
    Renderer: NVIDIA Quadro RTX 5000 (ID=0x1eb5)
    Vendor:   
    VRAM:     16170 MB
    Driver:   27.21.14.5167
Shader 'Universal Render Pipeline/Particles/Lit': fallback shader 'Universal Render Pipeline/Particles/SimpleLit' not found
Shader 'Oculus/OVRMRCameraFrameLit': fallback shader 'Alpha-Diffuse' not found
Initialize mono
Mono path[0] = 'C:/Program Files/Unity/Hub/Editor/2020.3.10f1/Editor/Data/Managed'
Mono path[1] = 'C:/Program Files/Unity/Hub/Editor/2020.3.10f1/Editor/Data/MonoBleedingEdge/lib/mono/unityjit'
Mono config path = 'C:/Program Files/Unity/Hub/Editor/2020.3.10f1/Editor/Data/MonoBleedingEdge/etc'
Using monoOptions --debugger-agent=transport=dt_socket,embedding=1,server=y,suspend=n,address=127.0.0.1:56536
Begin MonoManager ReloadAssembly
Registering precompiled unity dll's ...
Register platform support module: C:/Program Files/Unity/Hub/Editor/2020.3.10f1/Editor/Data/PlaybackEngines/WebGLSupport/UnityEditor.WebGL.Extensions.dll
Register platform support module: C:/Program Files/Unity/Hub/Editor/2020.3.10f1/Editor/Data/PlaybackEngines/WindowsStandaloneSupport/UnityEditor.WindowsStandalone.Extensions.dll
Registered in 0.002386 seconds.
Native extension for WindowsStandalone target not found
Native extension for WebGL target not found
Refreshing native plugins compatible for Editor in 68.96 ms, found 6 plugins.
Preloading 1 native plugins for Editor in 0.09 ms.
Mono: successfully reloaded assembly
- Completed reload, in  1.467 seconds
Platform modules already initialized, skipping
Registering precompiled user dll's ...
Registered in 0.007469 seconds.
Begin MonoManager ReloadAssembly
Native extension for WindowsStandalone target not found
Native extension for WebGL target not found
Refreshing native plugins compatible for Editor in 63.31 ms, found 6 plugins.
Preloading 1 native plugins for Editor in 0.08 ms.
[XR] OculusXRPlugin: registering subsystems
[XR] Unable to register display lifecyle provider: [1]
[XR] Oculus Input lifecycle provider registered.
[XR] Unable to register input lifecyle provider: [1]
[XR] OVRP version 1.63.0
Mono: successfully reloaded assembly
- Completed reload, in  1.081 seconds
Platform modules already initialized, skipping
========================================================================
Worker process is ready to serve import requests
Shader 'Universal Render Pipeline/Particles/Lit': fallback shader 'Universal Render Pipeline/Particles/SimpleLit' not found
Shader 'Oculus/OVRMRCameraFrameLit': fallback shader 'Alpha-Diffuse' not found
Launched and connected shader compiler UnityShaderCompiler.exe after 0.03 seconds
Refreshing native plugins compatible for Editor in 0.78 ms, found 6 plugins.
Preloading 1 native plugins for Editor in 0.10 ms.
Unloading 3810 Unused Serialized files (Serialized files now loaded: 0)
System memory in use before: 170.2 MB.
System memory in use after: 170.4 MB.

Unloading 47 unused Assets to reduce memory usage. Loaded Objects now: 4226.
Total: 2.345600 ms (FindLiveObjects: 0.309100 ms CreateObjectMapping: 0.169000 ms MarkObjects: 1.803100 ms  DeleteObjects: 0.063600 ms)

========================================================================
Received Import Request.
  path: Assets/Samples/XR Interaction Toolkit/1.0.0-pre.5/Default Input Actions/XRI Default Left Controller.preset
  artifactKey: Guid(ffd8268f7307a0c48a067dad4a8fe060) Importer(815301076,1909f56bfc062723c751e8b465ee728b)
Start importing Assets/Samples/XR Interaction Toolkit/1.0.0-pre.5/Default Input Actions/XRI Default Left Controller.preset using Guid(ffd8268f7307a0c48a067dad4a8fe060) Importer(815301076,1909f56bfc062723c751e8b465ee728b)  -> (artifact id: 'c941e04c091c80496efc023ab6adf6cb') in 0.040349 seconds
  Import took 0.044816 seconds .

========================================================================
Received Import Request.
  Time since last request: 0.000154 seconds.
  path: Assets/Samples/XR Interaction Toolkit/1.0.0-pre.5/Default Input Actions/XRI Default Continuous Move.preset
  artifactKey: Guid(91f9da00cfdac5d49955df2d2d820b9c) Importer(815301076,1909f56bfc062723c751e8b465ee728b)
Start importing Assets/Samples/XR Interaction Toolkit/1.0.0-pre.5/Default Input Actions/XRI Default Continuous Move.preset using Guid(91f9da00cfdac5d49955df2d2d820b9c) Importer(815301076,1909f56bfc062723c751e8b465ee728b)  -> (artifact id: '008d0b8e23816b2136f41b4e7948152e') in 0.014626 seconds
  Import took 0.018995 seconds .

========================================================================
Received Import Request.
  Time since last request: 0.000254 seconds.
  path: Assets/Samples/XR Interaction Toolkit/1.0.0-pre.5/Default Input Actions/XRI Default Snap Turn.preset
  artifactKey: Guid(18697d253d848974aa7052cba872c9f0) Importer(815301076,1909f56bfc062723c751e8b465ee728b)
Start importing Assets/Samples/XR Interaction Toolkit/1.0.0-pre.5/Default Input Actions/XRI Default Snap Turn.preset using Guid(18697d253d848974aa7052cba872c9f0) Importer(815301076,1909f56bfc062723c751e8b465ee728b)  -> (artifact id: '418d3752f65e47a01043c3ae75827e8c') in 0.012681 seconds
  Import took 0.017326 seconds .

========================================================================
Received Import Request.
  Time since last request: 0.000270 seconds.
  path: Assets/Samples/XR Interaction Toolkit/1.0.0-pre.5/Default Input Actions/XRI Default Input Actions.inputactions
  artifactKey: Guid(c348712bda248c246b8c49b3db54643f) Importer(815301076,1909f56bfc062723c751e8b465ee728b)
Start importing Assets/Samples/XR Interaction Toolkit/1.0.0-pre.5/Default Input Actions/XRI Default Input Actions.inputactions using Guid(c348712bda248c246b8c49b3db54643f) Importer(815301076,1909f56bfc062723c751e8b465ee728b)  -> (artifact id: '3305076e650adb5e3443e95a81effff5') in 0.011730 seconds
  Import took 0.015914 seconds .

========================================================================
Received Import Request.
  Time since last request: 0.000260 seconds.
  path: Assets/Samples/XR Interaction Toolkit/1.0.0-pre.5/Default Input Actions/XRI Default Continuous Turn.preset
  artifactKey: Guid(0caad3af14f9a414dbdf25ed41e5aa47) Importer(815301076,1909f56bfc062723c751e8b465ee728b)
Start importing Assets/Samples/XR Interaction Toolkit/1.0.0-pre.5/Default Input Actions/XRI Default Continuous Turn.preset using Guid(0caad3af14f9a414dbdf25ed41e5aa47) Importer(815301076,1909f56bfc062723c751e8b465ee728b)  -> (artifact id: '79e2860dcdf87fd7fa8b6fd7ba6a3d5f') in 0.014794 seconds
  Import took 0.019431 seconds .

========================================================================
Received Import Request.
  Time since last request: 0.000164 seconds.
  path: Assets/Samples/XR Interaction Toolkit/1.0.0-pre.5/Default Input Actions/XRI Default Right Controller.preset
  artifactKey: Guid(1421ad86ff3787b4dae70fe9e699a25f) Importer(815301076,1909f56bfc062723c751e8b465ee728b)
Start importing Assets/Samples/XR Interaction Toolkit/1.0.0-pre.5/Default Input Actions/XRI Default Right Controller.preset using Guid(1421ad86ff3787b4dae70fe9e699a25f) Importer(815301076,1909f56bfc062723c751e8b465ee728b)  -> (artifact id: '68a9bc2ef5cfb9a5cffacaf60c4ed6d5') in 0.013741 seconds
  Import took 0.019786 seconds .

========================================================================
Received Import Request.
  Time since last request: 162.091962 seconds.
  path: Assets/Samples/XR Interaction Toolkit/1.0.0-pre.5/Default Input Actions/XRI Default Input Actions.inputactions
  artifactKey: Guid(c348712bda248c246b8c49b3db54643f) Importer(815301076,1909f56bfc062723c751e8b465ee728b)
Start importing Assets/Samples/XR Interaction Toolkit/1.0.0-pre.5/Default Input Actions/XRI Default Input Actions.inputactions using Guid(c348712bda248c246b8c49b3db54643f) Importer(815301076,1909f56bfc062723c751e8b465ee728b)  -> (artifact id: '89e3078350290f5e2dfa4de9f10db9ba') in 0.009297 seconds
  Import took 0.015741 seconds .

========================================================================
Received Import Request.
  Time since last request: 9.313267 seconds.
  path: Assets/Samples/XR Interaction Toolkit/1.0.0-pre.5/Default Input Actions/XRI Default Input Actions.inputactions
  artifactKey: Guid(c348712bda248c246b8c49b3db54643f) Importer(815301076,1909f56bfc062723c751e8b465ee728b)
Start importing Assets/Samples/XR Interaction Toolkit/1.0.0-pre.5/Default Input Actions/XRI Default Input Actions.inputactions using Guid(c348712bda248c246b8c49b3db54643f) Importer(815301076,1909f56bfc062723c751e8b465ee728b)  -> (artifact id: 'afc904d8babcd2997399aa3a91498f65') in 0.008000 seconds
  Import took 0.013070 seconds .

========================================================================
Received Import Request.
  Time since last request: 5.110439 seconds.
  path: Assets/Samples/XR Interaction Toolkit/1.0.0-pre.5/Default Input Actions/XRI Default Input Actions.inputactions
  artifactKey: Guid(c348712bda248c246b8c49b3db54643f) Importer(815301076,1909f56bfc062723c751e8b465ee728b)
Start importing Assets/Samples/XR Interaction Toolkit/1.0.0-pre.5/Default Input Actions/XRI Default Input Actions.inputactions using Guid(c348712bda248c246b8c49b3db54643f) Importer(815301076,1909f56bfc062723c751e8b465ee728b)  -> (artifact id: '8c4c115a5054789c2ebb0797f49ef465') in 0.009606 seconds
  Import took 0.015121 seconds .

========================================================================
Received Import Request.
  Time since last request: 0.000422 seconds.
  path: Assets/Samples/XR Interaction Toolkit/1.0.0-pre.5/Default Input Actions/XRI Default Input Actions.inputactions
  artifactKey: Guid(c348712bda248c246b8c49b3db54643f) Importer(815301076,1909f56bfc062723c751e8b465ee728b)
Start importing Assets/Samples/XR Interaction Toolkit/1.0.0-pre.5/Default Input Actions/XRI Default Input Actions.inputactions using Guid(c348712bda248c246b8c49b3db54643f) Importer(815301076,1909f56bfc062723c751e8b465ee728b)  -> (artifact id: '8c4c115a5054789c2ebb0797f49ef465') in 0.006181 seconds
  Import took 0.011654 seconds .

========================================================================
Received Import Request.
  Time since last request: 3.706179 seconds.
  path: Assets/Samples/XR Interaction Toolkit/1.0.0-pre.5/Default Input Actions/XRI Default Input Actions.inputactions
  artifactKey: Guid(c348712bda248c246b8c49b3db54643f) Importer(815301076,1909f56bfc062723c751e8b465ee728b)
Start importing Assets/Samples/XR Interaction Toolkit/1.0.0-pre.5/Default Input Actions/XRI Default Input Actions.inputactions using Guid(c348712bda248c246b8c49b3db54643f) Importer(815301076,1909f56bfc062723c751e8b465ee728b)  -> (artifact id: 'bc37c9e68809974ff81c108de1b59e09') in 0.011417 seconds
  Import took 0.016904 seconds .

========================================================================
Received Import Request.
  Time since last request: 4.401045 seconds.
  path: Assets/Samples/XR Interaction Toolkit/1.0.0-pre.5/Default Input Actions/XRI Default Input Actions.inputactions
  artifactKey: Guid(c348712bda248c246b8c49b3db54643f) Importer(815301076,1909f56bfc062723c751e8b465ee728b)
Start importing Assets/Samples/XR Interaction Toolkit/1.0.0-pre.5/Default Input Actions/XRI Default Input Actions.inputactions using Guid(c348712bda248c246b8c49b3db54643f) Importer(815301076,1909f56bfc062723c751e8b465ee728b)  -> (artifact id: '300f98c193fe52e636877b12dcac3512') in 0.009259 seconds
  Import took 0.014467 seconds .

========================================================================
Received Import Request.
  Time since last request: 0.001165 seconds.
  path: Assets/Samples/XR Interaction Toolkit/1.0.0-pre.5/Default Input Actions/XRI Default Input Actions.inputactions
  artifactKey: Guid(c348712bda248c246b8c49b3db54643f) Importer(815301076,1909f56bfc062723c751e8b465ee728b)
Start importing Assets/Samples/XR Interaction Toolkit/1.0.0-pre.5/Default Input Actions/XRI Default Input Actions.inputactions using Guid(c348712bda248c246b8c49b3db54643f) Importer(815301076,1909f56bfc062723c751e8b465ee728b)  -> (artifact id: '300f98c193fe52e636877b12dcac3512') in 0.005913 seconds
  Import took 0.011050 seconds .

========================================================================
Received Import Request.
  Time since last request: 3.312482 seconds.
  path: Assets/Samples/XR Interaction Toolkit/1.0.0-pre.5/Default Input Actions/XRI Default Input Actions.inputactions
  artifactKey: Guid(c348712bda248c246b8c49b3db54643f) Importer(815301076,1909f56bfc062723c751e8b465ee728b)
Start importing Assets/Samples/XR Interaction Toolkit/1.0.0-pre.5/Default Input Actions/XRI Default Input Actions.inputactions using Guid(c348712bda248c246b8c49b3db54643f) Importer(815301076,1909f56bfc062723c751e8b465ee728b)  -> (artifact id: '9cdfa556cfd9e0dd74363b5ca7109933') in 0.008137 seconds
  Import took 0.013733 seconds .

========================================================================
Received Import Request.
  Time since last request: 0.000437 seconds.
  path: Assets/Samples/XR Interaction Toolkit/1.0.0-pre.5/Default Input Actions/XRI Default Input Actions.inputactions
  artifactKey: Guid(c348712bda248c246b8c49b3db54643f) Importer(815301076,1909f56bfc062723c751e8b465ee728b)
Start importing Assets/Samples/XR Interaction Toolkit/1.0.0-pre.5/Default Input Actions/XRI Default Input Actions.inputactions using Guid(c348712bda248c246b8c49b3db54643f) Importer(815301076,1909f56bfc062723c751e8b465ee728b)  -> (artifact id: '9cdfa556cfd9e0dd74363b5ca7109933') in 0.006981 seconds
  Import took 0.011797 seconds .

========================================================================
Received Import Request.
  Time since last request: 15.377173 seconds.
  path: Assets/Samples/XR Interaction Toolkit/1.0.0-pre.5/Default Input Actions/XRI Default Input Actions.inputactions
  artifactKey: Guid(c348712bda248c246b8c49b3db54643f) Importer(815301076,1909f56bfc062723c751e8b465ee728b)
Start importing Assets/Samples/XR Interaction Toolkit/1.0.0-pre.5/Default Input Actions/XRI Default Input Actions.inputactions using Guid(c348712bda248c246b8c49b3db54643f) Importer(815301076,1909f56bfc062723c751e8b465ee728b)  -> (artifact id: '5034197b3cba1a58a9333f4980612f1a') in 0.008786 seconds
  Import took 0.013866 seconds .

========================================================================
Received Import Request.
  Time since last request: 4.572820 seconds.
  path: Assets/Samples/XR Interaction Toolkit/1.0.0-pre.5/Default Input Actions/XRI Default Input Actions.inputactions
  artifactKey: Guid(c348712bda248c246b8c49b3db54643f) Importer(815301076,1909f56bfc062723c751e8b465ee728b)
Start importing Assets/Samples/XR Interaction Toolkit/1.0.0-pre.5/Default Input Actions/XRI Default Input Actions.inputactions using Guid(c348712bda248c246b8c49b3db54643f) Importer(815301076,1909f56bfc062723c751e8b465ee728b)  -> (artifact id: '8d62dcabecf3090bf7f0f504be3d09cf') in 0.008918 seconds
  Import took 0.014028 seconds .

========================================================================
Received Import Request.
  Time since last request: 0.000621 seconds.
  path: Assets/Samples/XR Interaction Toolkit/1.0.0-pre.5/Default Input Actions/XRI Default Input Actions.inputactions
  artifactKey: Guid(c348712bda248c246b8c49b3db54643f) Importer(815301076,1909f56bfc062723c751e8b465ee728b)
Start importing Assets/Samples/XR Interaction Toolkit/1.0.0-pre.5/Default Input Actions/XRI Default Input Actions.inputactions using Guid(c348712bda248c246b8c49b3db54643f) Importer(815301076,1909f56bfc062723c751e8b465ee728b)  -> (artifact id: '8d62dcabecf3090bf7f0f504be3d09cf') in 0.006657 seconds
  Import took 0.011681 seconds .

========================================================================
Received Import Request.
  Time since last request: 3.466335 seconds.
  path: Assets/Samples/XR Interaction Toolkit/1.0.0-pre.5/Default Input Actions/XRI Default Input Actions.inputactions
  artifactKey: Guid(c348712bda248c246b8c49b3db54643f) Importer(815301076,1909f56bfc062723c751e8b465ee728b)
Start importing Assets/Samples/XR Interaction Toolkit/1.0.0-pre.5/Default Input Actions/XRI Default Input Actions.inputactions using Guid(c348712bda248c246b8c49b3db54643f) Importer(815301076,1909f56bfc062723c751e8b465ee728b)  -> (artifact id: '383e4a5900700b8f7eceeae501133642') in 0.009597 seconds
  Import took 0.015418 seconds .

========================================================================
Received Import Request.
  Time since last request: 0.000923 seconds.
  path: Assets/Samples/XR Interaction Toolkit/1.0.0-pre.5/Default Input Actions/XRI Default Input Actions.inputactions
  artifactKey: Guid(c348712bda248c246b8c49b3db54643f) Importer(815301076,1909f56bfc062723c751e8b465ee728b)
Start importing Assets/Samples/XR Interaction Toolkit/1.0.0-pre.5/Default Input Actions/XRI Default Input Actions.inputactions using Guid(c348712bda248c246b8c49b3db54643f) Importer(815301076,1909f56bfc062723c751e8b465ee728b)  -> (artifact id: '383e4a5900700b8f7eceeae501133642') in 0.006404 seconds
  Import took 0.011272 seconds .

========================================================================
Received Import Request.
  Time since last request: 2.053188 seconds.
  path: Assets/Samples/XR Interaction Toolkit/1.0.0-pre.5/Default Input Actions/XRI Default Input Actions.inputactions
  artifactKey: Guid(c348712bda248c246b8c49b3db54643f) Importer(815301076,1909f56bfc062723c751e8b465ee728b)
Start importing Assets/Samples/XR Interaction Toolkit/1.0.0-pre.5/Default Input Actions/XRI Default Input Actions.inputactions using Guid(c348712bda248c246b8c49b3db54643f) Importer(815301076,1909f56bfc062723c751e8b465ee728b)  -> (artifact id: '93e2f71ef8e98d439e04027d940e5a50') in 0.008313 seconds
  Import took 0.013673 seconds .

========================================================================
Received Import Request.
  Time since last request: 12.202550 seconds.
  path: Assets/Samples/XR Interaction Toolkit/1.0.0-pre.5/Default Input Actions/XRI Default Input Actions.inputactions
  artifactKey: Guid(c348712bda248c246b8c49b3db54643f) Importer(815301076,1909f56bfc062723c751e8b465ee728b)
Start importing Assets/Samples/XR Interaction Toolkit/1.0.0-pre.5/Default Input Actions/XRI Default Input Actions.inputactions using Guid(c348712bda248c246b8c49b3db54643f) Importer(815301076,1909f56bfc062723c751e8b465ee728b)  -> (artifact id: '9e24e53cbb0ae7007d5259b65c232e79') in 0.009048 seconds
  Import took 0.014817 seconds .

========================================================================
Received Import Request.
  Time since last request: 0.000633 seconds.
  path: Assets/Samples/XR Interaction Toolkit/1.0.0-pre.5/Default Input Actions/XRI Default Input Actions.inputactions
  artifactKey: Guid(c348712bda248c246b8c49b3db54643f) Importer(815301076,1909f56bfc062723c751e8b465ee728b)
Start importing Assets/Samples/XR Interaction Toolkit/1.0.0-pre.5/Default Input Actions/XRI Default Input Actions.inputactions using Guid(c348712bda248c246b8c49b3db54643f) Importer(815301076,1909f56bfc062723c751e8b465ee728b)  -> (artifact id: '9e24e53cbb0ae7007d5259b65c232e79') in 0.007279 seconds
  Import took 0.012594 seconds .

========================================================================
Received Import Request.
  Time since last request: 21.743225 seconds.
  path: Assets/Samples/XR Interaction Toolkit/1.0.0-pre.5/Default Input Actions/XRI Default Input Actions.inputactions
  artifactKey: Guid(c348712bda248c246b8c49b3db54643f) Importer(815301076,1909f56bfc062723c751e8b465ee728b)
Start importing Assets/Samples/XR Interaction Toolkit/1.0.0-pre.5/Default Input Actions/XRI Default Input Actions.inputactions using Guid(c348712bda248c246b8c49b3db54643f) Importer(815301076,1909f56bfc062723c751e8b465ee728b)  -> (artifact id: 'fd3f7ca41af622bb2b391ab0fd505c69') in 0.010495 seconds
  Import took 0.017215 seconds .

========================================================================
Received Prepare
Shader 'Universal Render Pipeline/Particles/Lit': fallback shader 'Universal Render Pipeline/Particles/SimpleLit' not found
Shader 'Oculus/OVRMRCameraFrameLit': fallback shader 'Alpha-Diffuse' not found
Refreshing native plugins compatible for Editor in 12.04 ms, found 6 plugins.
Preloading 1 native plugins for Editor in 0.07 ms.
Unloading 37 Unused Serialized files (Serialized files now loaded: 0)
System memory in use before: 87.5 MB.
System memory in use after: 87.7 MB.

Unloading 37 unused Assets to reduce memory usage. Loaded Objects now: 4226.
Total: 4.320500 ms (FindLiveObjects: 0.960900 ms CreateObjectMapping: 0.384000 ms MarkObjects: 2.884000 ms  DeleteObjects: 0.090900 ms)

========================================================================
Received Prepare
Registering precompiled user dll's ...
Registered in 0.010375 seconds.
Begin MonoManager ReloadAssembly
Native extension for WindowsStandalone target not found
Native extension for WebGL target not found
Refreshing native plugins compatible for Editor in 0.96 ms, found 6 plugins.
Preloading 1 native plugins for Editor in 0.12 ms.
Mono: successfully reloaded assembly
- Completed reload, in  1.242 seconds
Platform modules already initialized, skipping
Switching build target platform(19) subTarget(0) extendedPlatform(0) -> platform(13) subTarget(524288) extendedPlatform(0)
Shader 'Universal Render Pipeline/Particles/Lit': fallback shader 'Universal Render Pipeline/Particles/SimpleLit' not found
Shader 'Oculus/OVRMRCameraFrameLit': fallback shader 'Alpha-Diffuse' not found
Refreshing native plugins compatible for Editor in 0.93 ms, found 6 plugins.
Preloading 1 native plugins for Editor in 0.21 ms.
Unloading 3641 Unused Serialized files (Serialized files now loaded: 0)
System memory in use before: 165.8 MB.
System memory in use after: 166.0 MB.

Unloading 40 unused Assets to reduce memory usage. Loaded Objects now: 4230.
Total: 3.109800 ms (FindLiveObjects: 0.352300 ms CreateObjectMapping: 0.194700 ms MarkObjects: 2.501800 ms  DeleteObjects: 0.060300 ms)

AssetImportParameters requested are different than current active one (requested -> active):
  custom:graphics/normal-map-encoding: 01000000000000000000000000000000 -> 02000000000000000000000000000000
========================================================================
Received Import Request.
  Time since last request: 4463.083373 seconds.
  path: Assets/Oculus/VR/Prefabs
  artifactKey: Guid(bfe39332fdb4cb044b619b3e4b890396) Importer(815301076,1909f56bfc062723c751e8b465ee728b)
Start importing Assets/Oculus/VR/Prefabs using Guid(bfe39332fdb4cb044b619b3e4b890396) Importer(815301076,1909f56bfc062723c751e8b465ee728b)  -> (artifact id: '6b66986c812a387d4fc2e52307bc2d66') in 0.014558 seconds
  Import took 0.022501 seconds .

========================================================================
Received Import Request.
  Time since last request: 0.127924 seconds.
  path: Assets/Oculus/VR/Prefabs/Cursor_Timer.prefab
  artifactKey: Guid(5a7682c244a150b49965c007720bdbb7) Importer(815301076,1909f56bfc062723c751e8b465ee728b)
Start importing Assets/Oculus/VR/Prefabs/Cursor_Timer.prefab using Guid(5a7682c244a150b49965c007720bdbb7) Importer(815301076,1909f56bfc062723c751e8b465ee728b)  -> (artifact id: 'a18f7079445f9edfd550cc600f19e510') in 0.242243 seconds
  Import took 0.248339 seconds .

========================================================================
Received Import Request.
  Time since last request: 0.000248 seconds.
  path: Assets/Oculus/VR/Prefabs/OVRCustomHandPrefab_R.prefab
  artifactKey: Guid(e201a24a09e942042b93390d0444d728) Importer(815301076,1909f56bfc062723c751e8b465ee728b)
Start importing Assets/Oculus/VR/Prefabs/OVRCustomHandPrefab_R.prefab using Guid(e201a24a09e942042b93390d0444d728) Importer(815301076,1909f56bfc062723c751e8b465ee728b)  -> (artifact id: '9d9db452029399149ed2c27ed2e98ff7') in 0.612553 seconds
  Import took 0.618097 seconds .

========================================================================
Received Import Request.
  Time since last request: 0.000245 seconds.
  path: Assets/Oculus/VR/Prefabs/OVRCameraRig.prefab
  artifactKey: Guid(126d619cf4daa52469682f85c1378b4a) Importer(815301076,1909f56bfc062723c751e8b465ee728b)
Start importing Assets/Oculus/VR/Prefabs/OVRCameraRig.prefab using Guid(126d619cf4daa52469682f85c1378b4a) Importer(815301076,1909f56bfc062723c751e8b465ee728b)  -> (artifact id: '27772d8e9793602e35e3266b0791e5e6') in 0.012188 seconds
  Import took 0.017577 seconds .

========================================================================
Received Import Request.
  Time since last request: 0.000284 seconds.
  path: Assets/Oculus/VR/Prefabs/OVRCubemapCaptureProbe.prefab
  artifactKey: Guid(7a400e96d4650ff4e827a7e727fad81d) Importer(815301076,1909f56bfc062723c751e8b465ee728b)
Start importing Assets/Oculus/VR/Prefabs/OVRCubemapCaptureProbe.prefab using Guid(7a400e96d4650ff4e827a7e727fad81d) Importer(815301076,1909f56bfc062723c751e8b465ee728b)  -> (artifact id: '39465a45b5a6c8986cea82d62dae068b') in 0.010673 seconds
  Import took 0.016773 seconds .

========================================================================
Received Import Request.
  Time since last request: 0.000411 seconds.
  path: Assets/Oculus/VR/Prefabs/OVRHandPrefab.prefab
  artifactKey: Guid(835e735ca71bf78459fb2cababd74112) Importer(815301076,1909f56bfc062723c751e8b465ee728b)
Start importing Assets/Oculus/VR/Prefabs/OVRHandPrefab.prefab using Guid(835e735ca71bf78459fb2cababd74112) Importer(815301076,1909f56bfc062723c751e8b465ee728b)  -> (artifact id: '569fb965b9f9aa45e49f7483af2aebfb') in 0.014240 seconds
  Import took 0.021717 seconds .

========================================================================
Received Import Request.
  Time since last request: 0.000264 seconds.
  path: Assets/Oculus/VR/Prefabs/OVRPlayerController.prefab
  artifactKey: Guid(ce816f2e6abb0504092c23ed9b970dfd) Importer(815301076,1909f56bfc062723c751e8b465ee728b)
Start importing Assets/Oculus/VR/Prefabs/OVRPlayerController.prefab using Guid(ce816f2e6abb0504092c23ed9b970dfd) Importer(815301076,1909f56bfc062723c751e8b465ee728b)  -> (artifact id: '4a0dc6866bab005593f26b314e497719') in 0.011443 seconds
  Import took 0.017301 seconds .

========================================================================
Received Import Request.
  Time since last request: 0.000338 seconds.
  path: Assets/Oculus/VR/Prefabs/OVRControllerPrefab.prefab
  artifactKey: Guid(d9809c5e8418bb047bf2c8ba1d1a2cec) Importer(815301076,1909f56bfc062723c751e8b465ee728b)
Start importing Assets/Oculus/VR/Prefabs/OVRControllerPrefab.prefab using Guid(d9809c5e8418bb047bf2c8ba1d1a2cec) Importer(815301076,1909f56bfc062723c751e8b465ee728b)  -> (artifact id: 'bd848b9a954b52fd94899b41dc2ad3d7') in 1.011649 seconds
  Import took 1.019898 seconds .

========================================================================
Received Import Request.
  Time since last request: 0.000288 seconds.
  path: Assets/Oculus/VR/Prefabs/OVRCustomHandPrefab_L.prefab
  artifactKey: Guid(c6a74181d4000004887343fb87b3c53a) Importer(815301076,1909f56bfc062723c751e8b465ee728b)
Start importing Assets/Oculus/VR/Prefabs/OVRCustomHandPrefab_L.prefab using Guid(c6a74181d4000004887343fb87b3c53a) Importer(815301076,1909f56bfc062723c751e8b465ee728b)  -> (artifact id: '0e43bc2fda1227a0bcb65e5bf9120a5e') in 0.026020 seconds
  Import took 0.032751 seconds .

========================================================================
Received Import Request.
  Time since last request: 30.798206 seconds.
  path: Assets/Oculus/VR/Prefabs/OVRHandPrefab.prefab
  artifactKey: Guid(835e735ca71bf78459fb2cababd74112) Importer(815301076,1909f56bfc062723c751e8b465ee728b)
Start importing Assets/Oculus/VR/Prefabs/OVRHandPrefab.prefab using Guid(835e735ca71bf78459fb2cababd74112) Importer(815301076,1909f56bfc062723c751e8b465ee728b)  -> (artifact id: 'b8b4b6b7436591ffd0ef314ebe14fd13') in 0.005068 seconds
  Import took 0.013143 seconds .

========================================================================
Received Import Request.
  Time since last request: 196.515054 seconds.
  path: Assets/Oculus/SampleFramework
  artifactKey: Guid(4adcf71f3cb5afa4cb8d17c9c5e038b4) Importer(815301076,1909f56bfc062723c751e8b465ee728b)
Start importing Assets/Oculus/SampleFramework using Guid(4adcf71f3cb5afa4cb8d17c9c5e038b4) Importer(815301076,1909f56bfc062723c751e8b465ee728b)  -> (artifact id: '0ba714dbfb8b1b298c4599af5501b46b') in 0.007817 seconds
  Import took 0.015696 seconds .

========================================================================
Received Import Request.
  Time since last request: 3.935306 seconds.
  path: Assets/Oculus/SampleFramework/Core
  artifactKey: Guid(a6f70e53f5bf3f548b587fd2570d8f03) Importer(815301076,1909f56bfc062723c751e8b465ee728b)
Start importing Assets/Oculus/SampleFramework/Core using Guid(a6f70e53f5bf3f548b587fd2570d8f03) Importer(815301076,1909f56bfc062723c751e8b465ee728b)  -> (artifact id: 'fe7e79aff9d4235e94ce67b0c9643b01') in 0.008691 seconds
  Import took 0.016120 seconds .

========================================================================
Received Import Request.
  Time since last request: 4.309172 seconds.
  path: Assets/Oculus/SampleFramework/Usage
  artifactKey: Guid(8b578b5744fda3641a8d996a918ec63a) Importer(815301076,1909f56bfc062723c751e8b465ee728b)
Start importing Assets/Oculus/SampleFramework/Usage using Guid(8b578b5744fda3641a8d996a918ec63a) Importer(815301076,1909f56bfc062723c751e8b465ee728b)  -> (artifact id: '77d8c3d885587f9ab0b1524605a811ae') in 0.007755 seconds
  Import took 0.014587 seconds .

========================================================================
Received Import Request.
  Time since last request: 2.842774 seconds.
  path: Assets/Oculus/SampleFramework/Usage/AppDeeplink.unity
  artifactKey: Guid(86c41af799197d64889f7269608d44e6) Importer(815301076,1909f56bfc062723c751e8b465ee728b)
Start importing Assets/Oculus/SampleFramework/Usage/AppDeeplink.unity using Guid(86c41af799197d64889f7269608d44e6) Importer(815301076,1909f56bfc062723c751e8b465ee728b)  -> (artifact id: '6d1a571ea8ef035dfca49cfd270e9080') in 0.007553 seconds
  Import took 0.014126 seconds .

========================================================================
Received Import Request.
  Time since last request: 7.417673 seconds.
  path: Assets/Oculus/SampleFramework/Usage/OVROverlay.unity
  artifactKey: Guid(d31b44aac77e1684d861792b23d46a8b) Importer(815301076,1909f56bfc062723c751e8b465ee728b)
Start importing Assets/Oculus/SampleFramework/Usage/OVROverlay.unity using Guid(d31b44aac77e1684d861792b23d46a8b) Importer(815301076,1909f56bfc062723c751e8b465ee728b)  -> (artifact id: 'c137478396fd37732ae37a177762284f') in 0.006950 seconds
  Import took 0.013834 seconds .

========================================================================
Received Import Request.
  Time since last request: 1.873563 seconds.
  path: Assets/Oculus/SampleFramework/Usage/OVROverlayCanvas.unity
  artifactKey: Guid(af6fdd821de21814caa6187d466b6d2b) Importer(815301076,1909f56bfc062723c751e8b465ee728b)
Start importing Assets/Oculus/SampleFramework/Usage/OVROverlayCanvas.unity using Guid(af6fdd821de21814caa6187d466b6d2b) Importer(815301076,1909f56bfc062723c751e8b465ee728b)  -> (artifact id: '216b5d2880303c7273b0db7a6e638a51') in 0.008262 seconds
  Import took 0.015160 seconds .

========================================================================
Received Import Request.
  Time since last request: 1.251575 seconds.
  path: Assets/Oculus/SampleFramework/Usage/WidevineVideo.unity
  artifactKey: Guid(5495456b7253d31479996b9587c20927) Importer(815301076,1909f56bfc062723c751e8b465ee728b)
Start importing Assets/Oculus/SampleFramework/Usage/WidevineVideo.unity using Guid(5495456b7253d31479996b9587c20927) Importer(815301076,1909f56bfc062723c751e8b465ee728b)  -> (artifact id: '09387dc5723a2879f5c43de93a5ac626') in 0.008300 seconds
  Import took 0.015429 seconds .

========================================================================
Received Import Request.
  Time since last request: 0.001179 seconds.
  path: Assets/Oculus/SampleFramework/Usage/WidevineVideo.unity
  artifactKey: Guid(5495456b7253d31479996b9587c20927) Importer(815301076,1909f56bfc062723c751e8b465ee728b)
Start importing Assets/Oculus/SampleFramework/Usage/WidevineVideo.unity using Guid(5495456b7253d31479996b9587c20927) Importer(815301076,1909f56bfc062723c751e8b465ee728b)  -> (artifact id: '09387dc5723a2879f5c43de93a5ac626') in 0.003677 seconds
  Import took 0.010970 seconds .

========================================================================
Received Import Request.
  Time since last request: 1.129432 seconds.
  path: Assets/Oculus/SampleFramework/Usage/Stereo180Video.unity
  artifactKey: Guid(11cf8fa7bf3deb04db11bd170c0b4338) Importer(815301076,1909f56bfc062723c751e8b465ee728b)
Start importing Assets/Oculus/SampleFramework/Usage/Stereo180Video.unity using Guid(11cf8fa7bf3deb04db11bd170c0b4338) Importer(815301076,1909f56bfc062723c751e8b465ee728b)  -> (artifact id: '2017773f568fd7bc85fb820456b15c71') in 0.008306 seconds
  Import took 0.016036 seconds .

========================================================================
Received Import Request.
  Time since last request: 0.000604 seconds.
  path: Assets/Oculus/SampleFramework/Usage/Stereo180Video.unity
  artifactKey: Guid(11cf8fa7bf3deb04db11bd170c0b4338) Importer(815301076,1909f56bfc062723c751e8b465ee728b)
Start importing Assets/Oculus/SampleFramework/Usage/Stereo180Video.unity using Guid(11cf8fa7bf3deb04db11bd170c0b4338) Importer(815301076,1909f56bfc062723c751e8b465ee728b)  -> (artifact id: '2017773f568fd7bc85fb820456b15c71') in 0.003591 seconds
  Import took 0.011961 seconds .

========================================================================
Received Import Request.
  Time since last request: 1.059719 seconds.
  path: Assets/Oculus/SampleFramework/Usage/StartScene.unity
  artifactKey: Guid(071fba5195bd4b04eab8668985aa1683) Importer(815301076,1909f56bfc062723c751e8b465ee728b)
Start importing Assets/Oculus/SampleFramework/Usage/StartScene.unity using Guid(071fba5195bd4b04eab8668985aa1683) Importer(815301076,1909f56bfc062723c751e8b465ee728b)  -> (artifact id: '085df58a6cd04fb3e8a5942b048dc013') in 0.008603 seconds
  Import took 0.016225 seconds .

========================================================================
Received Import Request.
  Time since last request: 1.391410 seconds.
  path: Assets/Oculus/SampleFramework/Usage/Passthrough.unity
  artifactKey: Guid(58e5fc2486c774a4e88ac76261268d52) Importer(815301076,1909f56bfc062723c751e8b465ee728b)
Start importing Assets/Oculus/SampleFramework/Usage/Passthrough.unity using Guid(58e5fc2486c774a4e88ac76261268d52) Importer(815301076,1909f56bfc062723c751e8b465ee728b)  -> (artifact id: '7a04f41dc70b6b8df1ce463efcd978c5') in 0.007172 seconds
  Import took 0.014427 seconds .

========================================================================
Received Import Request.
  Time since last request: 7.833616 seconds.
  path: Assets/Oculus/SampleFramework/Usage/Firebase.unity
  artifactKey: Guid(954eda7bd02eb444ca928648702a2b4c) Importer(815301076,1909f56bfc062723c751e8b465ee728b)
Start importing Assets/Oculus/SampleFramework/Usage/Firebase.unity using Guid(954eda7bd02eb444ca928648702a2b4c) Importer(815301076,1909f56bfc062723c751e8b465ee728b)  -> (artifact id: 'b3e831dc8db9a0e5b21edba6e04510b3') in 0.013223 seconds
  Import took 0.022500 seconds .

========================================================================
Received Import Request.
  Time since last request: 13.361761 seconds.
  path: Assets/Oculus/VR/Scenes
  artifactKey: Guid(68bc04068edcc1a4d89699ab4e2e69ae) Importer(815301076,1909f56bfc062723c751e8b465ee728b)
Start importing Assets/Oculus/VR/Scenes using Guid(68bc04068edcc1a4d89699ab4e2e69ae) Importer(815301076,1909f56bfc062723c751e8b465ee728b)  -> (artifact id: '125fc48d55c2bdc0a54aeb7f9c0eb5fe') in 0.006469 seconds
  Import took 0.014340 seconds .

========================================================================
Received Import Request.
  Time since last request: 0.000293 seconds.
  path: Assets/Oculus/VR/Scenes
  artifactKey: Guid(68bc04068edcc1a4d89699ab4e2e69ae) Importer(815301076,1909f56bfc062723c751e8b465ee728b)
Start importing Assets/Oculus/VR/Scenes using Guid(68bc04068edcc1a4d89699ab4e2e69ae) Importer(815301076,1909f56bfc062723c751e8b465ee728b)  -> (artifact id: '125fc48d55c2bdc0a54aeb7f9c0eb5fe') in 0.003002 seconds
  Import took 0.009452 seconds .

========================================================================
Received Import Request.
  Time since last request: 2.071055 seconds.
  path: Assets/Oculus/VR/Scenes/Cubes.unity
  artifactKey: Guid(d920b3d2525670f4abad3d20eda3b349) Importer(815301076,1909f56bfc062723c751e8b465ee728b)
Start importing Assets/Oculus/VR/Scenes/Cubes.unity using Guid(d920b3d2525670f4abad3d20eda3b349) Importer(815301076,1909f56bfc062723c751e8b465ee728b)  -> (artifact id: 'fa38a9ba99412ea729b18450d4a96773') in 0.007298 seconds
  Import took 0.015582 seconds .

========================================================================
Received Import Request.
  Time since last request: 21.803518 seconds.
  path: Assets/Oculus/VR/Scenes/Room.unity
  artifactKey: Guid(54445976c1dbf1c49bb38ba7eba558e8) Importer(815301076,1909f56bfc062723c751e8b465ee728b)
Start importing Assets/Oculus/VR/Scenes/Room.unity using Guid(54445976c1dbf1c49bb38ba7eba558e8) Importer(815301076,1909f56bfc062723c751e8b465ee728b)  -> (artifact id: 'edf435c6682d690c772b8a833651c551') in 0.008291 seconds
  Import took 0.014960 seconds .

========================================================================
Received Import Request.
  Time since last request: 10.461235 seconds.
  path: Assets/Oculus/VR/Scenes/SpectatorMode.unity
  artifactKey: Guid(48f290ede0df84ec8bd990c5f5026654) Importer(815301076,1909f56bfc062723c751e8b465ee728b)
Start importing Assets/Oculus/VR/Scenes/SpectatorMode.unity using Guid(48f290ede0df84ec8bd990c5f5026654) Importer(815301076,1909f56bfc062723c751e8b465ee728b)  -> (artifact id: 'e4f4c1fb039dbf58ba6093a0e5089751') in 0.006854 seconds
  Import took 0.014237 seconds .

========================================================================
Received Import Request.
  Time since last request: 2.351474 seconds.
  path: Assets/Oculus/VR/Scenes/Trivial.unity
  artifactKey: Guid(d8d21f2460d13554780e4af04a9e0d6e) Importer(815301076,1909f56bfc062723c751e8b465ee728b)
Start importing Assets/Oculus/VR/Scenes/Trivial.unity using Guid(d8d21f2460d13554780e4af04a9e0d6e) Importer(815301076,1909f56bfc062723c751e8b465ee728b)  -> (artifact id: '41223f0743a422c29751ac3ba8db6b6d') in 0.006846 seconds
  Import took 0.014332 seconds .

========================================================================
Received Import Request.
  Time since last request: 4.463134 seconds.
  path: Assets/Oculus/VR/Scenes/ControllerModels.unity
  artifactKey: Guid(39cfe7aa0a2d46c47994d8d0308ec663) Importer(815301076,1909f56bfc062723c751e8b465ee728b)
Start importing Assets/Oculus/VR/Scenes/ControllerModels.unity using Guid(39cfe7aa0a2d46c47994d8d0308ec663) Importer(815301076,1909f56bfc062723c751e8b465ee728b)  -> (artifact id: 'e1b7316c878b0f1b10f7162983e37be7') in 0.006689 seconds
  Import took 0.013296 seconds .

========================================================================
Received Import Request.
  Time since last request: 0.000843 seconds.
  path: Assets/Oculus/VR/Scenes/ControllerModels.unity
  artifactKey: Guid(39cfe7aa0a2d46c47994d8d0308ec663) Importer(815301076,1909f56bfc062723c751e8b465ee728b)
Start importing Assets/Oculus/VR/Scenes/ControllerModels.unity using Guid(39cfe7aa0a2d46c47994d8d0308ec663) Importer(815301076,1909f56bfc062723c751e8b465ee728b)  -> (artifact id: 'e1b7316c878b0f1b10f7162983e37be7') in 0.003198 seconds
  Import took 0.010652 seconds .

========================================================================
Received Import Request.
  Time since last request: 11.426649 seconds.
  path: Assets/Oculus/VR/Scenes/HandTest.unity
  artifactKey: Guid(b9a31e08066d6e343a208d34ec298f09) Importer(815301076,1909f56bfc062723c751e8b465ee728b)
Start importing Assets/Oculus/VR/Scenes/HandTest.unity using Guid(b9a31e08066d6e343a208d34ec298f09) Importer(815301076,1909f56bfc062723c751e8b465ee728b)  -> (artifact id: 'fa6541febd194eeb2d7b35f5528bb8d5') in 0.007198 seconds
  Import took 0.014812 seconds .

========================================================================
Received Import Request.
  Time since last request: 2.074104 seconds.
  path: Assets/Oculus/VR/Scenes/HandTest_Custom.unity
  artifactKey: Guid(c884d076d6398b54492bcc64bbe30bf5) Importer(815301076,1909f56bfc062723c751e8b465ee728b)
Start importing Assets/Oculus/VR/Scenes/HandTest_Custom.unity using Guid(c884d076d6398b54492bcc64bbe30bf5) Importer(815301076,1909f56bfc062723c751e8b465ee728b)  -> (artifact id: 'd6b3397e4b5f22a05d80dd74a30fc9ab') in 0.006842 seconds
  Import took 0.014060 seconds .

========================================================================
Received Import Request.
  Time since last request: 65.553266 seconds.
  path: Assets/Oculus/VR/Scenes/MRC.unity
  artifactKey: Guid(c249320cff740054f973da7f7e24bd1f) Importer(815301076,1909f56bfc062723c751e8b465ee728b)
Start importing Assets/Oculus/VR/Scenes/MRC.unity using Guid(c249320cff740054f973da7f7e24bd1f) Importer(815301076,1909f56bfc062723c751e8b465ee728b)  -> (artifact id: '9a15cabf9f1d98765a3f40542fd3a207') in 0.007281 seconds
  Import took 0.014579 seconds .

========================================================================
Received Import Request.
  Time since last request: 93.490447 seconds.
  path: Assets/Scenes
  artifactKey: Guid(2163820277c923046baa7709e8df7a6b) Importer(815301076,1909f56bfc062723c751e8b465ee728b)
Start importing Assets/Scenes using Guid(2163820277c923046baa7709e8df7a6b) Importer(815301076,1909f56bfc062723c751e8b465ee728b)  -> (artifact id: 'f6bcac3da63327265019e5364e5b15e8') in 0.007758 seconds
  Import took 0.016334 seconds .

========================================================================
Received Import Request.
  Time since last request: 1.111033 seconds.
  path: Assets/Scenes/SampleScene.unity
  artifactKey: Guid(9fc0d4010bbf28b4594072e72b8655ab) Importer(815301076,1909f56bfc062723c751e8b465ee728b)
Start importing Assets/Scenes/SampleScene.unity using Guid(9fc0d4010bbf28b4594072e72b8655ab) Importer(815301076,1909f56bfc062723c751e8b465ee728b)  -> (artifact id: '677dd70a979017fa1a0d5d1fe9f925fd') in 0.007078 seconds
  Import took 0.015309 seconds .

========================================================================
Received Import Request.
  Time since last request: 38.964557 seconds.
  path: Assets/Scenes/SampleScene.unity
  artifactKey: Guid(9fc0d4010bbf28b4594072e72b8655ab) Importer(815301076,1909f56bfc062723c751e8b465ee728b)
Start importing Assets/Scenes/SampleScene.unity using Guid(9fc0d4010bbf28b4594072e72b8655ab) Importer(815301076,1909f56bfc062723c751e8b465ee728b)  -> (artifact id: 'a722be9b6d65ff66c47b40790716d25a') in 0.004418 seconds
  Import took 0.010760 seconds .

========================================================================
Received Prepare
Shader 'Universal Render Pipeline/Particles/Lit': fallback shader 'Universal Render Pipeline/Particles/SimpleLit' not found
Shader 'Oculus/OVRMRCameraFrameLit': fallback shader 'Alpha-Diffuse' not found
Refreshing native plugins compatible for Editor in 12.38 ms, found 6 plugins.
Preloading 1 native plugins for Editor in 0.14 ms.
Unloading 37 Unused Serialized files (Serialized files now loaded: 0)
System memory in use before: 109.6 MB.
System memory in use after: 109.8 MB.

Unloading 37 unused Assets to reduce memory usage. Loaded Objects now: 4305.
Total: 4.808800 ms (FindLiveObjects: 0.497000 ms CreateObjectMapping: 0.200700 ms MarkObjects: 4.018600 ms  DeleteObjects: 0.091600 ms)

========================================================================
Received Import Request.
  Time since last request: 3467.129549 seconds.
  path: Assets/Oculus/VR/Scenes/MRC.unity
  artifactKey: Guid(c249320cff740054f973da7f7e24bd1f) Importer(815301076,1909f56bfc062723c751e8b465ee728b)
Start importing Assets/Oculus/VR/Scenes/MRC.unity using Guid(c249320cff740054f973da7f7e24bd1f) Importer(815301076,1909f56bfc062723c751e8b465ee728b)  -> (artifact id: 'e8eb7f681aafba17be044bd0f532fa32') in 0.006374 seconds
  Import took 0.014833 seconds .

========================================================================
Received Import Request.
  Time since last request: 96.442111 seconds.
  path: Assets/Scenes/SampleScene.unity
  artifactKey: Guid(9fc0d4010bbf28b4594072e72b8655ab) Importer(815301076,1909f56bfc062723c751e8b465ee728b)
Start importing Assets/Scenes/SampleScene.unity using Guid(9fc0d4010bbf28b4594072e72b8655ab) Importer(815301076,1909f56bfc062723c751e8b465ee728b)  -> (artifact id: '1bc908e17f5be9bb2b179d49e66abeb8') in 0.004305 seconds
  Import took 0.012115 seconds .

========================================================================
Received Prepare
Shader 'Universal Render Pipeline/Particles/Lit': fallback shader 'Universal Render Pipeline/Particles/SimpleLit' not found
Shader 'Oculus/OVRMRCameraFrameLit': fallback shader 'Alpha-Diffuse' not found
Refreshing native plugins compatible for Editor in 12.54 ms, found 6 plugins.
Preloading 1 native plugins for Editor in 0.13 ms.
Unloading 37 Unused Serialized files (Serialized files now loaded: 0)
System memory in use before: 109.6 MB.
System memory in use after: 109.8 MB.

Unloading 37 unused Assets to reduce memory usage. Loaded Objects now: 4305.
Total: 4.839400 ms (FindLiveObjects: 0.350900 ms CreateObjectMapping: 0.197700 ms MarkObjects: 4.205200 ms  DeleteObjects: 0.084500 ms)

========================================================================
Received Import Request.
  Time since last request: 368.363320 seconds.
  path: Assets/Samples
  artifactKey: Guid(f18d20c6978585844a6eb4927a131406) Importer(815301076,1909f56bfc062723c751e8b465ee728b)
Start importing Assets/Samples using Guid(f18d20c6978585844a6eb4927a131406) Importer(815301076,1909f56bfc062723c751e8b465ee728b)  -> (artifact id: '4006120d9eaf07b6e941307777a9653a') in 0.006767 seconds
  Import took 0.014353 seconds .

========================================================================
Received Import Request.
  Time since last request: 1.394921 seconds.
  path: Assets/Samples/XR Interaction Toolkit
  artifactKey: Guid(fe94774f5d9f3fe428e6c957d0913974) Importer(815301076,1909f56bfc062723c751e8b465ee728b)
Start importing Assets/Samples/XR Interaction Toolkit using Guid(fe94774f5d9f3fe428e6c957d0913974) Importer(815301076,1909f56bfc062723c751e8b465ee728b)  -> (artifact id: 'bf6c60c795c0401aeba7d1b80f8fe8b5') in 0.007269 seconds
  Import took 0.014058 seconds .

========================================================================
Received Import Request.
  Time since last request: 92.769002 seconds.
  path: Assets/Samples/XR Interaction Toolkit/1.0.0-pre.5
  artifactKey: Guid(17cbc15e181454f48b397a985b17a2a7) Importer(815301076,1909f56bfc062723c751e8b465ee728b)
Start importing Assets/Samples/XR Interaction Toolkit/1.0.0-pre.5 using Guid(17cbc15e181454f48b397a985b17a2a7) Importer(815301076,1909f56bfc062723c751e8b465ee728b)  -> (artifact id: '4eaf031a7877b6ac2fe1d23cbd26640e') in 0.007858 seconds
  Import took 0.014943 seconds .

========================================================================
Received Import Request.
  Time since last request: 45.962633 seconds.
  path: Assets/Oculus/VR/Scripts
  artifactKey: Guid(859d6d3fcffe1bb41ac06f93d267fc9d) Importer(815301076,1909f56bfc062723c751e8b465ee728b)
Start importing Assets/Oculus/VR/Scripts using Guid(859d6d3fcffe1bb41ac06f93d267fc9d) Importer(815301076,1909f56bfc062723c751e8b465ee728b)  -> (artifact id: '6702f6043c9683a7d2d1769d8e406f2c') in 0.008993 seconds
  Import took 0.017064 seconds .

